make all --print-data-base --no-builtin-variables --no-builtin-rules --question
make -C src
# GNU Make 4.3
# Built for x86_64-pc-linux-gnu
# Copyright (C) 1988-2020 Free Software Foundation, Inc.
# License GPLv3+: GNU GPL version 3 or later <http://gnu.org/licenses/gpl.html>
# This is free software: you are free to change and redistribute it.
# There is NO WARRANTY, to the extent permitted by law.

# Make data base, printed on Tue Sep  6 13:35:02 2022

# Variables

# environment
GDK_BACKEND = x11
# environment
LC_ALL = C
# environment
GNOME_SHELL_SESSION_MODE = ubuntu
# environment
SSH_AGENT_LAUNCHER = gnome-keyring
# environment
SNAP_INSTANCE_KEY = 
# environment
GJS_DEBUG_OUTPUT = stderr
# environment
VSCODE_CWD = /home/yohan
# environment
WINDOWPATH = 2
# default
MAKE_COMMAND := make
# environment
QT_ACCESSIBILITY = 1
# automatic
@D = $(patsubst %/,%,$(dir $@))
# environment
SNAP_INSTANCE_NAME = code
# environment
GDK_PIXBUF_MODULEDIR = /snap/code/106/usr/lib/x86_64-linux-gnu/gdk-pixbuf-2.0/2.10.0/loaders
# environment
VSCODE_HANDLES_UNCAUGHT_ERRORS = true
# default
.VARIABLES := 
# environment
PWD = /home/yohan/Work/floacon
# automatic
%D = $(patsubst %/,%,$(dir $%))
# environment
XDG_DATA_DIRS = /usr/share/ubuntu:/usr/share/gnome:/usr/local/share/:/usr/share/:/var/lib/snapd/desktop
# automatic
^D = $(patsubst %/,%,$(dir $^))
# automatic
%F = $(notdir $%)
# environment
VSCODE_CODE_CACHE_PATH = /home/yohan/.config/Code/CachedData/784b0177c56c607789f9638da7b6bf3230d47a8c
# environment
LANG = C
# environment
XAUTHORITY = /run/user/1000/gdm/Xauthority
# default
.LOADED := 
# default
.INCLUDE_DIRS = /usr/local/include /usr/include /usr/include
# makefile
MAKEFLAGS = pqrRw
# makefile
CURDIR := /home/yohan/Work/floacon/src
# environment
APPLICATION_INSIGHTS_NO_DIAGNOSTIC_CHANNEL = 1
# environment
LESSOPEN = | /usr/bin/lesspipe %s
# automatic
*D = $(patsubst %/,%,$(dir $*))
# environment
MFLAGS = -pqrRw
# environment
SSH_AUTH_SOCK = /run/user/1000/keyring/ssh
# default
.SHELLFLAGS := -c
# environment
XDG_CONFIG_DIRS = /etc/xdg/xdg-ubuntu:/etc/xdg
# automatic
+D = $(patsubst %/,%,$(dir $+))
# environment
XDG_SESSION_DESKTOP = ubuntu
# makefile (from 'Makefile', line 1)
MAKEFILE_LIST := Makefile
# environment
SNAP_REEXEC = 
# automatic
@F = $(notdir $@)
# environment
VSCODE_PID = 8241
# environment
XDG_SESSION_TYPE = x11
# automatic
?D = $(patsubst %/,%,$(dir $?))
# environment
BAMF_DESKTOP_FILE_HINT = /var/lib/snapd/desktop/applications/code_code.desktop
# environment
NVCOMPILERS = /opt/nvidia/hpc_sdk
# environment
SESSION_MANAGER = local/yohan-windows:@/tmp/.ICE-unix/3136,unix/yohan-windows:/tmp/.ICE-unix/3136
# automatic
*F = $(notdir $*)
# environment
MANPATH = :/opt/nvidia/hpc_sdk/Linux_x86_64/22.7/compilers/man
# environment
CHROME_DESKTOP = code-url-handler.desktop
# environment
DBUS_SESSION_BUS_ADDRESS = unix:path=/run/user/1000/bus
# automatic
<D = $(patsubst %/,%,$(dir $<))
# environment
VSCODE_NLS_CONFIG = {"locale":"en-gb","availableLanguages":{},"_languagePackSupport":true}
# default
MAKE_HOST := x86_64-pc-linux-gnu
# environment
GNOME_DESKTOP_SESSION_ID = this-is-deprecated
# makefile
SHELL = /bin/sh
# environment
XMODIFIERS = @im=ibus
# environment
LD_LIBRARY_PATH = /home/yohan/.local/lib::/opt/nvidia/hpc_sdk/Linux_x86_64/22.7/REDIST/comm_libs/comm_libs/11.7/nccl/lib/:/opt/nvidia/hpc_sdk/Linux_x86_64/22.7/REDIST/compilers/lib/:/opt/nvidia/hpc_sdk/Linux_x86_64/22.7/REDIST/cuda/11.7/lib64/:/opt/nvidia/hpc_sdk/Linux_x86_64/22.7/REDIST/math_libs/11.7/lib64/
# environment
GJS_DEBUG_TOPICS = JS ERROR;JS LOG
# environment
SHLVL = 0
# environment
MAKELEVEL := 1
# default
MAKE = $(MAKE_COMMAND)
# environment
SNAP_COOKIE = ECd2mnETHWycyzGQAtzC6xrtZDyEFK8jqERba9paGpu7PB5W-yiD
# environment
PATH = /home/yohan/.local/bin:/home/yohan/.local/bin:/home/yohan/.local/bin:/usr/local/sbin:/usr/local/bin:/usr/sbin:/usr/bin:/sbin:/bin:/usr/games:/usr/local/games:/snap/bin:/snap/bin:/opt/nvidia/hpc_sdk/Linux_x86_64/22.7/compilers/bin
# default
MAKEFILES := 
# environment
LANGUAGE = en_CA:en
# automatic
^F = $(notdir $^)
# environment
SNAP_USER_COMMON = /home/yohan/snap/code/common
# makefile (from 'Makefile', line 2)
LDLIBS = -lmpfr -lgmp
# environment
SNAP = /snap/code/106
# environment
INVOCATION_ID = 5f6935aef3314ac3a11f496377b5bb25
# environment
SNAP_REVISION = 106
# environment
SNAP_REAL_HOME = /home/yohan
# environment
USERNAME = yohan
# environment
LESSCLOSE = /usr/bin/lesspipe %s %s
# automatic
?F = $(notdir $?)
# environment
XDG_CURRENT_DESKTOP = Unity
# environment
LS_COLORS = 
# automatic
+F = $(notdir $+)
# environment
DESKTOP_SESSION = ubuntu
# environment
ORIGINAL_XDG_CURRENT_DESKTOP = ubuntu:GNOME
# makefile (from 'Makefile', line 4)
OBJECTS = $(patsubst %.c, %.o, $(wildcard *.c))
# 'override' directive
GNUMAKEFLAGS := 
# environment
LOGNAME = yohan
# environment
GIO_LAUNCHED_DESKTOP_FILE = /var/lib/snapd/desktop/applications/code_code.desktop
# environment
SNAP_ARCH = amd64
# makefile
.DEFAULT_GOAL := default
# environment
SYSTEMD_EXEC_PID = 3158
# environment
DISPLAY = :1
# environment
USER = yohan
# environment
GTK_MODULES = gail:atk-bridge
# default
MAKE_VERSION := 4.3
# environment
SNAP_DATA = /var/snap/code/106
# environment
SNAP_CONTEXT = ECd2mnETHWycyzGQAtzC6xrtZDyEFK8jqERba9paGpu7PB5W-yiD
# environment
MANAGERPID = 2569
# environment
GIO_LAUNCHED_DESKTOP_FILE_PID = 8197
# environment
_ = /snap/code/106/usr/share/code/code
# makefile (from 'Makefile', line 3)
BIN = floacon
# environment
NVARCH = Linux_x86_64
# environment
XDG_RUNTIME_DIR = /run/user/1000
# environment
GPG_AGENT_INFO = /run/user/1000/gnupg/S.gpg-agent:0:1
# environment
GDK_PIXBUF_MODULE_FILE = /home/yohan/snap/code/common/.cache/gdk-pixbuf-loaders.cache
# environment
JOURNAL_STREAM = 8:47665
# environment
XDG_SESSION_CLASS = user
# environment
VSCODE_AMD_ENTRYPOINT = vs/workbench/api/node/extensionHostProcess
# environment
HOME = /home/yohan
# environment
QT_IM_MODULE = ibus
# environment
ELECTRON_RUN_AS_NODE = 1
# environment
VSCODE_IPC_HOOK = /run/user/1000/vscode-cde7b072-1.71.0-main.sock
# environment
SNAP_NAME = code
# environment
GSETTINGS_SCHEMA_DIR = /snap/code/106/usr/share/glib-2.0/schemas
# default
.RECIPEPREFIX := 
# automatic
<F = $(notdir $<)
# environment
SNAP_VERSION = 784b0177
# default
SUFFIXES := 
# environment
VSCODE_CLI = 1
# environment
ELECTRON_NO_ATTACH_CONSOLE = 1
# environment
SNAP_COMMON = /var/snap/code/common
# makefile (from 'Makefile', line 1)
DEBUG = -Wall -g
# default
.FEATURES := target-specific order-only second-expansion else-if shortest-stem undefine oneshell nocomment grouped-target extra-prereqs archives jobserver output-sync check-symlink load
# environment
SNAP_USER_DATA = /home/yohan/snap/code/106
# environment
XDG_MENU_PREFIX = gnome-
# environment
GDMSESSION = ubuntu
# environment
SNAP_LIBRARY_PATH = /var/lib/snapd/lib/gl:/var/lib/snapd/lib/gl32:/var/lib/snapd/void
# variable set hash-table stats:
# Load=122/1024=12%, Rehash=0, Collisions=3/157=2%

# Pattern-specific Variable Values

# No pattern-specific variable values.

# Directories

# . (device 66309, inode 6291487): 16 files, no impossibilities.

# 16 files, no impossibilities in 1 directories.

# Implicit Rules

%.o: %.c
#  recipe to execute (from 'Makefile', line 10):
	$(CC) -c $(CFLAGS) $< -o $@ ${LDLIBS}

# 1 implicit rules, 0 (0.0%) terminal.
# Files

converter.o: converter.c
#  Implicit rule search has been done.
#  Implicit/static pattern stem: 'converter'
#  Last modified 2022-08-26 15:43:22.105259735
 
#  File has been updated.
#  Successfully updated.
#  recipe to execute (from 'Makefile', line 10):
	$(CC) -c $(CFLAGS) $< -o $@ ${LDLIBS}

# Not a target:
printer.c:
#  Implicit rule search has been done.
#  Last modified 2022-08-26 14:46:28.371173529
#  File has been updated.
#  Successfully updated.

default: floacon
#  Implicit rule search has been done.
#  File does not exist.
#  File has been updated.
#  Successfully updated.

# Not a target:
Makefile:
#  Implicit rule search has been done.
#  Last modified 2022-08-26 14:46:28.371173529
#  File has been updated.
#  Successfully updated.

# Not a target:
converter.c:
#  Implicit rule search has been done.
#  Last modified 2022-08-26 15:43:14.396934374
#  File has been updated.
#  Successfully updated.

clean:
#  Implicit rule search has not been done.
#  Modification time never checked.
#  File has not been updated.
#  recipe to execute (from 'Makefile', line 16):
	rm -f *.o
	rm -f $(BIN)

# Not a target:
extractor.c:
#  Implicit rule search has been done.
#  Last modified 2022-08-26 14:46:28.371173529
#  File has been updated.
#  Successfully updated.

# Not a target:
.DEFAULT:
#  Implicit rule search has not been done.
#  Modification time never checked.
#  File has not been updated.

all: default
#  Implicit rule search has not been done.
#  Modification time never checked.
#  File has not been updated.

# Not a target:
main.c:
#  Implicit rule search has been done.
#  Last modified 2022-08-26 15:43:49.174401996
#  File has been updated.
#  Successfully updated.

main.o: main.c
#  Implicit rule search has been done.
#  Implicit/static pattern stem: 'main'
#  Last modified 2022-08-26 15:43:51.190487052
#  File has been updated.
#  Successfully updated.
#  recipe to execute (from 'Makefile', line 10):
	$(CC) -c $(CFLAGS) $< -o $@ ${LDLIBS}

extractor.o: extractor.c
#  Implicit rule search has been done.
#  Implicit/static pattern stem: 'extractor'
#  Last modified 2022-08-26 14:47:42.346349174
#  File has been updated.
#  Successfully updated.
#  recipe to execute (from 'Makefile', line 10):
	$(CC) -c $(CFLAGS) $< -o $@ ${LDLIBS}

printer.o: printer.c
#  Implicit rule search has been done.
#  Implicit/static pattern stem: 'printer'
#  Last modified 2022-08-26 14:47:42.374350371
#  File has been updated.
#  Successfully updated.
#  recipe to execute (from 'Makefile', line 10):
	$(CC) -c $(CFLAGS) $< -o $@ ${LDLIBS}

floacon: converter.o extractor.o main.o printer.o
#  Implicit rule search has not been done.
#  Last modified 2022-08-26 15:43:51.206487727
#  File has been updated.
#  Successfully updated.
#  recipe to execute (from 'Makefile', line 13):
	$(CC) $(OBJECTS) -o $@ ${LDLIBS}

# files hash-table stats:
# Load=15/1024=1%, Rehash=0, Collisions=0/45=0%
# VPATH Search Paths

# No 'vpath' search paths.

# No general ('VPATH' variable) search path.

# strcache buffers: 1 (0) / strings = 30 / storage = 260 B / avg = 8 B
# current buf: size = 8162 B / used = 260 B / count = 30 / avg = 8 B

# strcache performance: lookups = 52 / hit rate = 42%
# hash-table stats:
# Load=30/8192=0%, Rehash=0, Collisions=0/52=0%
# Finished Make data base on Tue Sep  6 13:35:02 2022

# GNU Make 4.3
# Built for x86_64-pc-linux-gnu
# Copyright (C) 1988-2020 Free Software Foundation, Inc.
# License GPLv3+: GNU GPL version 3 or later <http://gnu.org/licenses/gpl.html>
# This is free software: you are free to change and redistribute it.
# There is NO WARRANTY, to the extent permitted by law.

# Make data base, printed on Tue Sep  6 13:35:02 2022

# Variables

# environment
GDK_BACKEND = x11
# environment
LC_ALL = C
# environment
GNOME_SHELL_SESSION_MODE = ubuntu
# environment
SSH_AGENT_LAUNCHER = gnome-keyring
# environment
SNAP_INSTANCE_KEY = 
# environment
GJS_DEBUG_OUTPUT = stderr
# environment
VSCODE_CWD = /home/yohan
# environment
WINDOWPATH = 2
# default
MAKE_COMMAND := make
# environment
QT_ACCESSIBILITY = 1
# automatic
@D = $(patsubst %/,%,$(dir $@))
# environment
SNAP_INSTANCE_NAME = code
# environment
GDK_PIXBUF_MODULEDIR = /snap/code/106/usr/lib/x86_64-linux-gnu/gdk-pixbuf-2.0/2.10.0/loaders
# environment
VSCODE_HANDLES_UNCAUGHT_ERRORS = true
# default
.VARIABLES := 
# environment
PWD = /home/yohan/Work/floacon
# automatic
%D = $(patsubst %/,%,$(dir $%))
# environment
XDG_DATA_DIRS = /usr/share/ubuntu:/usr/share/gnome:/usr/local/share/:/usr/share/:/var/lib/snapd/desktop
# automatic
^D = $(patsubst %/,%,$(dir $^))
# automatic
%F = $(notdir $%)
# environment
VSCODE_CODE_CACHE_PATH = /home/yohan/.config/Code/CachedData/784b0177c56c607789f9638da7b6bf3230d47a8c
# environment
LANG = C
# environment
XAUTHORITY = /run/user/1000/gdm/Xauthority
# default
.LOADED := 
# default
.INCLUDE_DIRS = /usr/local/include /usr/include /usr/include
# makefile
MAKEFLAGS = pqrR
# makefile
CURDIR := /home/yohan/Work/floacon
# environment
APPLICATION_INSIGHTS_NO_DIAGNOSTIC_CHANNEL = 1
# environment
LESSOPEN = | /usr/bin/lesspipe %s
# automatic
*D = $(patsubst %/,%,$(dir $*))
# environment
MFLAGS = -pqrR
# environment
SSH_AUTH_SOCK = /run/user/1000/keyring/ssh
# default
.SHELLFLAGS := -c
# environment
XDG_CONFIG_DIRS = /etc/xdg/xdg-ubuntu:/etc/xdg
# automatic
+D = $(patsubst %/,%,$(dir $+))
# environment
XDG_SESSION_DESKTOP = ubuntu
# makefile (from 'Makefile', line 1)
MAKEFILE_LIST := Makefile
# environment
SNAP_REEXEC = 
# automatic
@F = $(notdir $@)
# environment
VSCODE_PID = 8241
# environment
XDG_SESSION_TYPE = x11
# automatic
?D = $(patsubst %/,%,$(dir $?))
# environment
BAMF_DESKTOP_FILE_HINT = /var/lib/snapd/desktop/applications/code_code.desktop
# environment
NVCOMPILERS = /opt/nvidia/hpc_sdk
# environment
SESSION_MANAGER = local/yohan-windows:@/tmp/.ICE-unix/3136,unix/yohan-windows:/tmp/.ICE-unix/3136
# automatic
*F = $(notdir $*)
# environment
MANPATH = :/opt/nvidia/hpc_sdk/Linux_x86_64/22.7/compilers/man
# environment
CHROME_DESKTOP = code-url-handler.desktop
# environment
DBUS_SESSION_BUS_ADDRESS = unix:path=/run/user/1000/bus
# automatic
<D = $(patsubst %/,%,$(dir $<))
# environment
VSCODE_NLS_CONFIG = {"locale":"en-gb","availableLanguages":{},"_languagePackSupport":true}
# default
MAKE_HOST := x86_64-pc-linux-gnu
# environment
GNOME_DESKTOP_SESSION_ID = this-is-deprecated
# makefile
SHELL = /bin/sh
# default
MAKECMDGOALS := all
# environment
XMODIFIERS = @im=ibus
# environment
LD_LIBRARY_PATH = /home/yohan/.local/lib::/opt/nvidia/hpc_sdk/Linux_x86_64/22.7/REDIST/comm_libs/comm_libs/11.7/nccl/lib/:/opt/nvidia/hpc_sdk/Linux_x86_64/22.7/REDIST/compilers/lib/:/opt/nvidia/hpc_sdk/Linux_x86_64/22.7/REDIST/cuda/11.7/lib64/:/opt/nvidia/hpc_sdk/Linux_x86_64/22.7/REDIST/math_libs/11.7/lib64/
# environment
GJS_DEBUG_TOPICS = JS ERROR;JS LOG
# environment
SHLVL = 0
# environment
MAKELEVEL := 0
# default
MAKE = $(MAKE_COMMAND)
# environment
SNAP_COOKIE = ECd2mnETHWycyzGQAtzC6xrtZDyEFK8jqERba9paGpu7PB5W-yiD
# environment
PATH = /home/yohan/.local/bin:/home/yohan/.local/bin:/home/yohan/.local/bin:/usr/local/sbin:/usr/local/bin:/usr/sbin:/usr/bin:/sbin:/bin:/usr/games:/usr/local/games:/snap/bin:/snap/bin:/opt/nvidia/hpc_sdk/Linux_x86_64/22.7/compilers/bin
# default
MAKEFILES := 
# environment
LANGUAGE = en_CA:en
# automatic
^F = $(notdir $^)
# environment
SNAP_USER_COMMON = /home/yohan/snap/code/common
# environment
SNAP = /snap/code/106
# environment
INVOCATION_ID = 5f6935aef3314ac3a11f496377b5bb25
# environment
SNAP_REVISION = 106
# environment
SNAP_REAL_HOME = /home/yohan
# environment
USERNAME = yohan
# environment
LESSCLOSE = /usr/bin/lesspipe %s %s
# automatic
?F = $(notdir $?)
# environment
XDG_CURRENT_DESKTOP = Unity
# environment
LS_COLORS = 
# automatic
+F = $(notdir $+)
# environment
DESKTOP_SESSION = ubuntu
# environment
ORIGINAL_XDG_CURRENT_DESKTOP = ubuntu:GNOME
# 'override' directive
GNUMAKEFLAGS := 
# environment
LOGNAME = yohan
# environment
GIO_LAUNCHED_DESKTOP_FILE = /var/lib/snapd/desktop/applications/code_code.desktop
# environment
SNAP_ARCH = amd64
# makefile
.DEFAULT_GOAL := all
# environment
SYSTEMD_EXEC_PID = 3158
# environment
DISPLAY = :1
# environment
USER = yohan
# environment
GTK_MODULES = gail:atk-bridge
# default
MAKE_VERSION := 4.3
# environment
SNAP_DATA = /var/snap/code/106
# environment
SNAP_CONTEXT = ECd2mnETHWycyzGQAtzC6xrtZDyEFK8jqERba9paGpu7PB5W-yiD
# environment
MANAGERPID = 2569
# environment
GIO_LAUNCHED_DESKTOP_FILE_PID = 8197
 
# environment
_ = /snap/code/106/usr/share/code/code
# environment
NVARCH = Linux_x86_64
# environment
XDG_RUNTIME_DIR = /run/user/1000
# environment
GPG_AGENT_INFO = /run/user/1000/gnupg/S.gpg-agent:0:1
# environment
GDK_PIXBUF_MODULE_FILE = /home/yohan/snap/code/common/.cache/gdk-pixbuf-loaders.cache
# environment
JOURNAL_STREAM = 8:47665
# environment
XDG_SESSION_CLASS = user
# environment
VSCODE_AMD_ENTRYPOINT = vs/workbench/api/node/extensionHostProcess
# environment
HOME = /home/yohan
# environment
QT_IM_MODULE = ibus
# environment
ELECTRON_RUN_AS_NODE = 1
# environment
VSCODE_IPC_HOOK = /run/user/1000/vscode-cde7b072-1.71.0-main.sock
# environment
SNAP_NAME = code
# environment
GSETTINGS_SCHEMA_DIR = /snap/code/106/usr/share/glib-2.0/schemas
# default
.RECIPEPREFIX := 
# automatic
<F = $(notdir $<)
# environment
SNAP_VERSION = 784b0177
# default
SUFFIXES := 
# environment
VSCODE_CLI = 1
# environment
ELECTRON_NO_ATTACH_CONSOLE = 1
# environment
SNAP_COMMON = /var/snap/code/common
# default
.FEATURES := target-specific order-only second-expansion else-if shortest-stem undefine oneshell nocomment grouped-target extra-prereqs archives jobserver output-sync check-symlink load
# environment
SNAP_USER_DATA = /home/yohan/snap/code/106
# environment
XDG_MENU_PREFIX = gnome-
# environment
GDMSESSION = ubuntu
# environment
SNAP_LIBRARY_PATH = /var/lib/snapd/lib/gl:/var/lib/snapd/lib/gl32:/var/lib/snapd/void
# variable set hash-table stats:
# Load=119/1024=12%, Rehash=0, Collisions=3/157=2%

# Pattern-specific Variable Values

# No pattern-specific variable values.

# Directories

# . (device 66309, inode 6169353): 13 files, no impossibilities.

# 13 files, no impossibilities in 1 directories.

# Implicit Rules

# No implicit rules.

# Files

# Not a target:
Makefile:
#  Implicit rule search has been done.
#  Last modified 2022-09-02 15:57:46.177692588
#  File has been updated.
#  Successfully updated.

clean:
#  Phony target (prerequisite of .PHONY).
#  Implicit rule search has not been done.
#  File does not exist.
#  File has not been updated.
#  recipe to execute (from 'Makefile', line 11):
	$(MAKE) -C src clean

# Not a target:
.DEFAULT:
#  Implicit rule search has not been done.
#  Modification time never checked.
#  File has not been updated.

all:
#  Command line target.
#  Implicit rule search has not been done.
#  Implicit/static pattern stem: ''
#  Last modified 2514-05-29 21:53:03.107374182
#  File has been updated.
#  Needs to be updated (-q is set).
# automatic
# @ := all
# automatic
# * := 
# automatic
# < := 
# automatic
# + := 
# automatic
# % := 
# automatic
# ^ := 
# automatic
# ? := 
# automatic
# | := 
# variable set hash-table stats:
# Load=8/32=25%, Rehash=0, Collisions=2/16=12%
#  recipe to execute (from 'Makefile', line 2):
	$(MAKE) -C src
	cp src/floacon .

test:
#  Phony target (prerequisite of .PHONY).
#  Implicit rule search has not been done.
#  File does not exist.
#  File has not been updated.
#  recipe to execute (from 'Makefile', line 8):
	$(MAKE) -C test

# Not a target:
.SUFFIXES:
#  Implicit rule search has not been done.
#  Modification time never checked.
#  File has not been updated.

.PHONY: test clean
#  Implicit rule search has not been done.
#  Modification time never checked.
#  File has not been updated.

# files hash-table stats:
# Load=7/1024=1%, Rehash=0, Collisions=0/23=0%
# VPATH Search Paths

# No 'vpath' search paths.

# No general ('VPATH' variable) search path.

# strcache buffers: 1 (0) / strings = 20 / storage = 165 B / avg = 8 B
# current buf: size = 8162 B / used = 165 B / count = 20 / avg = 8 B

# strcache performance: lookups = 33 / hit rate = 39%
# hash-table stats:
# Load=20/8192=0%, Rehash=0, Collisions=0/33=0%
# Finished Make data base on Tue Sep  6 13:35:02 2022

 
